app/build/intermediates/manifest_merge_blame_file/debug/processDebugMainManifest/manifest-merger-blame-debug-report.txt
1<?xml version="1.0" encoding="utf-8"?>
2<manifest xmlns:android="http://schemas.android.com/apk/res/android"
3    package="com.infantgeofence"
4    android:versionCode="1"
5    android:versionName="1.0" >
6
7    <uses-sdk
8        android:minSdkVersion="26"
9        android:targetSdkVersion="34" />
10
11    <!-- Network & OSM tile caching -->
12    <uses-permission android:name="android.permission.INTERNET" />
12-->src\main\AndroidManifest.xml:5:5-67
12-->src\main\AndroidManifest.xml:5:22-64
13    <uses-permission android:name="android.permission.ACCESS_NETWORK_STATE" />
13-->src\main\AndroidManifest.xml:6:5-79
13-->src\main\AndroidManifest.xml:6:22-76
14    <uses-permission
14-->src\main\AndroidManifest.xml:7:5-8:38
15        android:name="android.permission.WRITE_EXTERNAL_STORAGE"
15-->src\main\AndroidManifest.xml:7:22-78
16        android:maxSdkVersion="29" />
16-->src\main\AndroidManifest.xml:8:9-35
17
18    <!-- Location -->
19    <uses-permission android:name="android.permission.ACCESS_FINE_LOCATION" />
19-->src\main\AndroidManifest.xml:11:5-79
19-->src\main\AndroidManifest.xml:11:22-76
20    <uses-permission android:name="android.permission.ACCESS_COARSE_LOCATION" />
20-->src\main\AndroidManifest.xml:12:5-81
20-->src\main\AndroidManifest.xml:12:22-78
21
22    <!-- Notifications + call-style overlay -->
23    <uses-permission android:name="android.permission.POST_NOTIFICATIONS" />
23-->src\main\AndroidManifest.xml:15:5-77
23-->src\main\AndroidManifest.xml:15:22-74
24    <uses-permission android:name="android.permission.VIBRATE" />
24-->src\main\AndroidManifest.xml:16:5-66
24-->src\main\AndroidManifest.xml:16:22-63
25    <uses-permission android:name="android.permission.RECEIVE_BOOT_COMPLETED" />
25-->src\main\AndroidManifest.xml:17:5-81
25-->src\main\AndroidManifest.xml:17:22-78
26    <uses-permission android:name="android.permission.USE_FULL_SCREEN_INTENT" />
26-->src\main\AndroidManifest.xml:18:5-81
26-->src\main\AndroidManifest.xml:18:22-78
27    <uses-permission android:name="android.permission.WAKE_LOCK" />
27-->src\main\AndroidManifest.xml:19:5-68
27-->src\main\AndroidManifest.xml:19:22-65
28
29    <!-- Foreground service -->
30    <uses-permission android:name="android.permission.FOREGROUND_SERVICE" />
30-->src\main\AndroidManifest.xml:22:5-77
30-->src\main\AndroidManifest.xml:22:22-74
31    <uses-permission android:name="android.permission.FOREGROUND_SERVICE_DATA_SYNC" />
31-->src\main\AndroidManifest.xml:23:5-87
31-->src\main\AndroidManifest.xml:23:22-84
32
33    <permission
33-->[androidx.core:core:1.12.0] AndroidManifest.xml:22:5-24:47
34        android:name="com.infantgeofence.DYNAMIC_RECEIVER_NOT_EXPORTED_PERMISSION"
34-->[androidx.core:core:1.12.0] AndroidManifest.xml:23:9-81
35        android:protectionLevel="signature" />
35-->[androidx.core:core:1.12.0] AndroidManifest.xml:24:9-44
36
37    <uses-permission android:name="com.infantgeofence.DYNAMIC_RECEIVER_NOT_EXPORTED_PERMISSION" />
37-->[androidx.core:core:1.12.0] AndroidManifest.xml:26:5-97
37-->[androidx.core:core:1.12.0] AndroidManifest.xml:26:22-94
38
39    <supports-screens
39-->[org.osmdroid:osmdroid-android:6.1.18] AndroidManifest.xml:9:5-12:40
40        android:anyDensity="true"
40-->[org.osmdroid:osmdroid-android:6.1.18] AndroidManifest.xml:10:9-34
41        android:largeScreens="true"
41-->[org.osmdroid:osmdroid-android:6.1.18] AndroidManifest.xml:11:9-36
42        android:normalScreens="true" />
42-->[org.osmdroid:osmdroid-android:6.1.18] AndroidManifest.xml:12:9-37
43
44    <uses-feature
44-->[org.osmdroid:osmdroid-android:6.1.18] AndroidManifest.xml:14:5-16:36
45        android:name="android.hardware.location.network"
45-->[org.osmdroid:osmdroid-android:6.1.18] AndroidManifest.xml:15:9-57
46        android:required="false" />
46-->[org.osmdroid:osmdroid-android:6.1.18] AndroidManifest.xml:16:9-33
47    <uses-feature
47-->[org.osmdroid:osmdroid-android:6.1.18] AndroidManifest.xml:17:5-19:36
48        android:name="android.hardware.location.gps"
48-->[org.osmdroid:osmdroid-android:6.1.18] AndroidManifest.xml:18:9-53
49        android:required="false" />
49-->[org.osmdroid:osmdroid-android:6.1.18] AndroidManifest.xml:19:9-33
50    <uses-feature
50-->[org.osmdroid:osmdroid-android:6.1.18] AndroidManifest.xml:20:5-22:36
51        android:name="android.hardware.telephony"
51-->[org.osmdroid:osmdroid-android:6.1.18] AndroidManifest.xml:21:9-50
52        android:required="false" />
52-->[org.osmdroid:osmdroid-android:6.1.18] AndroidManifest.xml:22:9-33
53    <uses-feature
53-->[org.osmdroid:osmdroid-android:6.1.18] AndroidManifest.xml:23:5-25:36
54        android:name="android.hardware.wifi"
54-->[org.osmdroid:osmdroid-android:6.1.18] AndroidManifest.xml:24:9-45
55        android:required="false" />
55-->[org.osmdroid:osmdroid-android:6.1.18] AndroidManifest.xml:25:9-33
56
57    <application
57-->src\main\AndroidManifest.xml:25:5-83:19
58        android:name="com.infantgeofence.InfantGeoFenceApp"
58-->src\main\AndroidManifest.xml:26:9-42
59        android:allowBackup="true"
59-->src\main\AndroidManifest.xml:27:9-35
60        android:appComponentFactory="androidx.core.app.CoreComponentFactory"
60-->[androidx.core:core:1.12.0] AndroidManifest.xml:28:18-86
61        android:debuggable="true"
62        android:extractNativeLibs="false"
63        android:icon="@mipmap/ic_launcher"
63-->src\main\AndroidManifest.xml:28:9-43
64        android:label="@string/app_name"
64-->src\main\AndroidManifest.xml:29:9-41
65        android:roundIcon="@mipmap/ic_launcher_round"
65-->src\main\AndroidManifest.xml:30:9-54
66        android:supportsRtl="true"
66-->src\main\AndroidManifest.xml:31:9-35
67        android:testOnly="true"
68        android:theme="@style/Theme.InfantGeoFence"
68-->src\main\AndroidManifest.xml:32:9-52
69        android:usesCleartextTraffic="true" >
69-->src\main\AndroidManifest.xml:33:9-44
70
71        <!-- Main app activity -->
72        <activity
72-->src\main\AndroidManifest.xml:36:9-44:20
73            android:name="com.infantgeofence.ui.MainActivity"
73-->src\main\AndroidManifest.xml:37:13-44
74            android:exported="true"
74-->src\main\AndroidManifest.xml:38:13-36
75            android:windowSoftInputMode="adjustResize" >
75-->src\main\AndroidManifest.xml:39:13-55
76            <intent-filter>
76-->src\main\AndroidManifest.xml:40:13-43:29
77                <action android:name="android.intent.action.MAIN" />
77-->src\main\AndroidManifest.xml:41:17-69
77-->src\main\AndroidManifest.xml:41:25-66
78
79                <category android:name="android.intent.category.LAUNCHER" />
79-->src\main\AndroidManifest.xml:42:17-77
79-->src\main\AndroidManifest.xml:42:27-74
80            </intent-filter>
81        </activity>
82
83        <!--
84            Full-screen call-style alert activity.
85            • showWhenLocked  – renders over the lock screen
86            • turnScreenOn    – wakes the display
87            • exported=false  – only launched by our own code
88        -->
89        <activity
89-->src\main\AndroidManifest.xml:52:9-59:59
90            android:name="com.infantgeofence.ui.CallActivity"
90-->src\main\AndroidManifest.xml:53:13-44
91            android:excludeFromRecents="true"
91-->src\main\AndroidManifest.xml:58:13-46
92            android:exported="false"
92-->src\main\AndroidManifest.xml:54:13-37
93            android:launchMode="singleTop"
93-->src\main\AndroidManifest.xml:57:13-43
94            android:showWhenLocked="true"
94-->src\main\AndroidManifest.xml:55:13-42
95            android:theme="@style/Theme.InfantGeoFence"
95-->src\main\AndroidManifest.xml:59:13-56
96            android:turnScreenOn="true" />
96-->src\main\AndroidManifest.xml:56:13-40
97
98        <!-- Dismiss action receiver for call-style notifications -->
99        <receiver
99-->src\main\AndroidManifest.xml:62:9-64:40
100            android:name="com.infantgeofence.util.NotificationDismissReceiver"
100-->src\main\AndroidManifest.xml:63:13-61
101            android:exported="false" />
101-->src\main\AndroidManifest.xml:64:13-37
102
103        <!-- Background geofence monitoring service -->
104        <service
104-->src\main\AndroidManifest.xml:67:9-71:56
105            android:name="com.infantgeofence.service.GeofenceMonitorService"
105-->src\main\AndroidManifest.xml:68:13-59
106            android:enabled="true"
106-->src\main\AndroidManifest.xml:69:13-35
107            android:exported="false"
107-->src\main\AndroidManifest.xml:70:13-37
108            android:foregroundServiceType="dataSync" />
108-->src\main\AndroidManifest.xml:71:13-53
109
110        <!-- WorkManager -->
111        <provider
112            android:name="androidx.startup.InitializationProvider"
112-->src\main\AndroidManifest.xml:75:13-67
113            android:authorities="com.infantgeofence.androidx-startup"
113-->src\main\AndroidManifest.xml:76:13-68
114            android:exported="false" >
114-->src\main\AndroidManifest.xml:77:13-37
115            <meta-data
115-->src\main\AndroidManifest.xml:78:13-80:52
116                android:name="androidx.work.WorkManagerInitializer"
116-->src\main\AndroidManifest.xml:79:17-68
117                android:value="androidx.startup" />
117-->src\main\AndroidManifest.xml:80:17-49
118            <meta-data
118-->[androidx.emoji2:emoji2:1.2.0] AndroidManifest.xml:29:13-31:52
119                android:name="androidx.emoji2.text.EmojiCompatInitializer"
119-->[androidx.emoji2:emoji2:1.2.0] AndroidManifest.xml:30:17-75
120                android:value="androidx.startup" />
120-->[androidx.emoji2:emoji2:1.2.0] AndroidManifest.xml:31:17-49
121            <meta-data
121-->[androidx.lifecycle:lifecycle-process:2.7.0] AndroidManifest.xml:29:13-31:52
122                android:name="androidx.lifecycle.ProcessLifecycleInitializer"
122-->[androidx.lifecycle:lifecycle-process:2.7.0] AndroidManifest.xml:30:17-78
123                android:value="androidx.startup" />
123-->[androidx.lifecycle:lifecycle-process:2.7.0] AndroidManifest.xml:31:17-49
124            <meta-data
124-->[androidx.profileinstaller:profileinstaller:1.3.0] AndroidManifest.xml:29:13-31:52
125                android:name="androidx.profileinstaller.ProfileInstallerInitializer"
125-->[androidx.profileinstaller:profileinstaller:1.3.0] AndroidManifest.xml:30:17-85
126                android:value="androidx.startup" />
126-->[androidx.profileinstaller:profileinstaller:1.3.0] AndroidManifest.xml:31:17-49
127        </provider>
128
129        <service
129-->[androidx.work:work-runtime:2.9.0] AndroidManifest.xml:39:9-45:35
130            android:name="androidx.work.impl.background.systemalarm.SystemAlarmService"
130-->[androidx.work:work-runtime:2.9.0] AndroidManifest.xml:40:13-88
131            android:directBootAware="false"
131-->[androidx.work:work-runtime:2.9.0] AndroidManifest.xml:41:13-44
132            android:enabled="@bool/enable_system_alarm_service_default"
132-->[androidx.work:work-runtime:2.9.0] AndroidManifest.xml:42:13-72
133            android:exported="false" />
133-->[androidx.work:work-runtime:2.9.0] AndroidManifest.xml:43:13-37
134        <service
134-->[androidx.work:work-runtime:2.9.0] AndroidManifest.xml:46:9-52:35
135            android:name="androidx.work.impl.background.systemjob.SystemJobService"
135-->[androidx.work:work-runtime:2.9.0] AndroidManifest.xml:47:13-84
136            android:directBootAware="false"
136-->[androidx.work:work-runtime:2.9.0] AndroidManifest.xml:48:13-44
137            android:enabled="@bool/enable_system_job_service_default"
137-->[androidx.work:work-runtime:2.9.0] AndroidManifest.xml:49:13-70
138            android:exported="true"
138-->[androidx.work:work-runtime:2.9.0] AndroidManifest.xml:50:13-36
139            android:permission="android.permission.BIND_JOB_SERVICE" />
139-->[androidx.work:work-runtime:2.9.0] AndroidManifest.xml:51:13-69
140        <service
140-->[androidx.work:work-runtime:2.9.0] AndroidManifest.xml:53:9-59:35
141            android:name="androidx.work.impl.foreground.SystemForegroundService"
141-->[androidx.work:work-runtime:2.9.0] AndroidManifest.xml:54:13-81
142            android:directBootAware="false"
142-->[androidx.work:work-runtime:2.9.0] AndroidManifest.xml:55:13-44
143            android:enabled="@bool/enable_system_foreground_service_default"
143-->[androidx.work:work-runtime:2.9.0] AndroidManifest.xml:56:13-77
144            android:exported="false" />
144-->[androidx.work:work-runtime:2.9.0] AndroidManifest.xml:57:13-37
145
146        <receiver
146-->[androidx.work:work-runtime:2.9.0] AndroidManifest.xml:61:9-66:35
147            android:name="androidx.work.impl.utils.ForceStopRunnable$BroadcastReceiver"
147-->[androidx.work:work-runtime:2.9.0] AndroidManifest.xml:62:13-88
148            android:directBootAware="false"
148-->[androidx.work:work-runtime:2.9.0] AndroidManifest.xml:63:13-44
149            android:enabled="true"
149-->[androidx.work:work-runtime:2.9.0] AndroidManifest.xml:64:13-35
150            android:exported="false" />
150-->[androidx.work:work-runtime:2.9.0] AndroidManifest.xml:65:13-37
151        <receiver
151-->[androidx.work:work-runtime:2.9.0] AndroidManifest.xml:67:9-77:20
152            android:name="androidx.work.impl.background.systemalarm.ConstraintProxy$BatteryChargingProxy"
152-->[androidx.work:work-runtime:2.9.0] AndroidManifest.xml:68:13-106
153            android:directBootAware="false"
153-->[androidx.work:work-runtime:2.9.0] AndroidManifest.xml:69:13-44
154            android:enabled="false"
154-->[androidx.work:work-runtime:2.9.0] AndroidManifest.xml:70:13-36
155            android:exported="false" >
155-->[androidx.work:work-runtime:2.9.0] AndroidManifest.xml:71:13-37
156            <intent-filter>
156-->[androidx.work:work-runtime:2.9.0] AndroidManifest.xml:73:13-76:29
157                <action android:name="android.intent.action.ACTION_POWER_CONNECTED" />
157-->[androidx.work:work-runtime:2.9.0] AndroidManifest.xml:74:17-87
157-->[androidx.work:work-runtime:2.9.0] AndroidManifest.xml:74:25-84
158                <action android:name="android.intent.action.ACTION_POWER_DISCONNECTED" />
158-->[androidx.work:work-runtime:2.9.0] AndroidManifest.xml:75:17-90
158-->[androidx.work:work-runtime:2.9.0] AndroidManifest.xml:75:25-87
159            </intent-filter>
160        </receiver>
161        <receiver
161-->[androidx.work:work-runtime:2.9.0] AndroidManifest.xml:78:9-88:20
162            android:name="androidx.work.impl.background.systemalarm.ConstraintProxy$BatteryNotLowProxy"
162-->[androidx.work:work-runtime:2.9.0] AndroidManifest.xml:79:13-104
163            android:directBootAware="false"
163-->[androidx.work:work-runtime:2.9.0] AndroidManifest.xml:80:13-44
164            android:enabled="false"
164-->[androidx.work:work-runtime:2.9.0] AndroidManifest.xml:81:13-36
165            android:exported="false" >
165-->[androidx.work:work-runtime:2.9.0] AndroidManifest.xml:82:13-37
166            <intent-filter>
166-->[androidx.work:work-runtime:2.9.0] AndroidManifest.xml:84:13-87:29
167                <action android:name="android.intent.action.BATTERY_OKAY" />
167-->[androidx.work:work-runtime:2.9.0] AndroidManifest.xml:85:17-77
167-->[androidx.work:work-runtime:2.9.0] AndroidManifest.xml:85:25-74
168                <action android:name="android.intent.action.BATTERY_LOW" />
168-->[androidx.work:work-runtime:2.9.0] AndroidManifest.xml:86:17-76
168-->[androidx.work:work-runtime:2.9.0] AndroidManifest.xml:86:25-73
169            </intent-filter>
170        </receiver>
171        <receiver
171-->[androidx.work:work-runtime:2.9.0] AndroidManifest.xml:89:9-99:20
172            android:name="androidx.work.impl.background.systemalarm.ConstraintProxy$StorageNotLowProxy"
172-->[androidx.work:work-runtime:2.9.0] AndroidManifest.xml:90:13-104
173            android:directBootAware="false"
173-->[androidx.work:work-runtime:2.9.0] AndroidManifest.xml:91:13-44
174            android:enabled="false"
174-->[androidx.work:work-runtime:2.9.0] AndroidManifest.xml:92:13-36
175            android:exported="false" >
175-->[androidx.work:work-runtime:2.9.0] AndroidManifest.xml:93:13-37
176            <intent-filter>
176-->[androidx.work:work-runtime:2.9.0] AndroidManifest.xml:95:13-98:29
177                <action android:name="android.intent.action.DEVICE_STORAGE_LOW" />
177-->[androidx.work:work-runtime:2.9.0] AndroidManifest.xml:96:17-83
177-->[androidx.work:work-runtime:2.9.0] AndroidManifest.xml:96:25-80
178                <action android:name="android.intent.action.DEVICE_STORAGE_OK" />
178-->[androidx.work:work-runtime:2.9.0] AndroidManifest.xml:97:17-82
178-->[androidx.work:work-runtime:2.9.0] AndroidManifest.xml:97:25-79
179            </intent-filter>
180        </receiver>
181        <receiver
181-->[androidx.work:work-runtime:2.9.0] AndroidManifest.xml:100:9-109:20
182            android:name="androidx.work.impl.background.systemalarm.ConstraintProxy$NetworkStateProxy"
182-->[androidx.work:work-runtime:2.9.0] AndroidManifest.xml:101:13-103
183            android:directBootAware="false"
183-->[androidx.work:work-runtime:2.9.0] AndroidManifest.xml:102:13-44
184            android:enabled="false"
184-->[androidx.work:work-runtime:2.9.0] AndroidManifest.xml:103:13-36
185            android:exported="false" >
185-->[androidx.work:work-runtime:2.9.0] AndroidManifest.xml:104:13-37
186            <intent-filter>
186-->[androidx.work:work-runtime:2.9.0] AndroidManifest.xml:106:13-108:29
187                <action android:name="android.net.conn.CONNECTIVITY_CHANGE" />
187-->[androidx.work:work-runtime:2.9.0] AndroidManifest.xml:107:17-79
187-->[androidx.work:work-runtime:2.9.0] AndroidManifest.xml:107:25-76
188            </intent-filter>
189        </receiver>
190        <receiver
190-->[androidx.work:work-runtime:2.9.0] AndroidManifest.xml:110:9-121:20
191            android:name="androidx.work.impl.background.systemalarm.RescheduleReceiver"
191-->[androidx.work:work-runtime:2.9.0] AndroidManifest.xml:111:13-88
192            android:directBootAware="false"
192-->[androidx.work:work-runtime:2.9.0] AndroidManifest.xml:112:13-44
193            android:enabled="false"
193-->[androidx.work:work-runtime:2.9.0] AndroidManifest.xml:113:13-36
194            android:exported="false" >
194-->[androidx.work:work-runtime:2.9.0] AndroidManifest.xml:114:13-37
195            <intent-filter>
195-->[androidx.work:work-runtime:2.9.0] AndroidManifest.xml:116:13-120:29
196                <action android:name="android.intent.action.BOOT_COMPLETED" />
196-->[androidx.work:work-runtime:2.9.0] AndroidManifest.xml:117:17-79
196-->[androidx.work:work-runtime:2.9.0] AndroidManifest.xml:117:25-76
197                <action android:name="android.intent.action.TIME_SET" />
197-->[androidx.work:work-runtime:2.9.0] AndroidManifest.xml:118:17-73
197-->[androidx.work:work-runtime:2.9.0] AndroidManifest.xml:118:25-70
198                <action android:name="android.intent.action.TIMEZONE_CHANGED" />
198-->[androidx.work:work-runtime:2.9.0] AndroidManifest.xml:119:17-81
198-->[androidx.work:work-runtime:2.9.0] AndroidManifest.xml:119:25-78
199            </intent-filter>
200        </receiver>
201        <receiver
201-->[androidx.work:work-runtime:2.9.0] AndroidManifest.xml:122:9-131:20
202            android:name="androidx.work.impl.background.systemalarm.ConstraintProxyUpdateReceiver"
202-->[androidx.work:work-runtime:2.9.0] AndroidManifest.xml:123:13-99
203            android:directBootAware="false"
203-->[androidx.work:work-runtime:2.9.0] AndroidManifest.xml:124:13-44
204            android:enabled="@bool/enable_system_alarm_service_default"
204-->[androidx.work:work-runtime:2.9.0] AndroidManifest.xml:125:13-72
205            android:exported="false" >
205-->[androidx.work:work-runtime:2.9.0] AndroidManifest.xml:126:13-37
206            <intent-filter>
206-->[androidx.work:work-runtime:2.9.0] AndroidManifest.xml:128:13-130:29
207                <action android:name="androidx.work.impl.background.systemalarm.UpdateProxies" />
207-->[androidx.work:work-runtime:2.9.0] AndroidManifest.xml:129:17-98
207-->[androidx.work:work-runtime:2.9.0] AndroidManifest.xml:129:25-95
208            </intent-filter>
209        </receiver>
210        <receiver
210-->[androidx.work:work-runtime:2.9.0] AndroidManifest.xml:132:9-142:20
211            android:name="androidx.work.impl.diagnostics.DiagnosticsReceiver"
211-->[androidx.work:work-runtime:2.9.0] AndroidManifest.xml:133:13-78
212            android:directBootAware="false"
212-->[androidx.work:work-runtime:2.9.0] AndroidManifest.xml:134:13-44
213            android:enabled="true"
213-->[androidx.work:work-runtime:2.9.0] AndroidManifest.xml:135:13-35
214            android:exported="true"
214-->[androidx.work:work-runtime:2.9.0] AndroidManifest.xml:136:13-36
215            android:permission="android.permission.DUMP" >
215-->[androidx.work:work-runtime:2.9.0] AndroidManifest.xml:137:13-57
216            <intent-filter>
216-->[androidx.work:work-runtime:2.9.0] AndroidManifest.xml:139:13-141:29
217                <action android:name="androidx.work.diagnostics.REQUEST_DIAGNOSTICS" />
217-->[androidx.work:work-runtime:2.9.0] AndroidManifest.xml:140:17-88
217-->[androidx.work:work-runtime:2.9.0] AndroidManifest.xml:140:25-85
218            </intent-filter>
219        </receiver>
220
221        <uses-library
221-->[androidx.window:window:1.0.0] AndroidManifest.xml:25:9-27:40
222            android:name="androidx.window.extensions"
222-->[androidx.window:window:1.0.0] AndroidManifest.xml:26:13-54
223            android:required="false" />
223-->[androidx.window:window:1.0.0] AndroidManifest.xml:27:13-37
224        <uses-library
224-->[androidx.window:window:1.0.0] AndroidManifest.xml:28:9-30:40
225            android:name="androidx.window.sidecar"
225-->[androidx.window:window:1.0.0] AndroidManifest.xml:29:13-51
226            android:required="false" />
226-->[androidx.window:window:1.0.0] AndroidManifest.xml:30:13-37
227
228        <service
228-->[androidx.room:room-runtime:2.5.0] AndroidManifest.xml:24:9-28:63
229            android:name="androidx.room.MultiInstanceInvalidationService"
229-->[androidx.room:room-runtime:2.5.0] AndroidManifest.xml:25:13-74
230            android:directBootAware="true"
230-->[androidx.room:room-runtime:2.5.0] AndroidManifest.xml:26:13-43
231            android:exported="false" />
231-->[androidx.room:room-runtime:2.5.0] AndroidManifest.xml:27:13-37
232
233        <receiver
233-->[androidx.profileinstaller:profileinstaller:1.3.0] AndroidManifest.xml:34:9-52:20
234            android:name="androidx.profileinstaller.ProfileInstallReceiver"
234-->[androidx.profileinstaller:profileinstaller:1.3.0] AndroidManifest.xml:35:13-76
235            android:directBootAware="false"
235-->[androidx.profileinstaller:profileinstaller:1.3.0] AndroidManifest.xml:36:13-44
236            android:enabled="true"
236-->[androidx.profileinstaller:profileinstaller:1.3.0] AndroidManifest.xml:37:13-35
237            android:exported="true"
237-->[androidx.profileinstaller:profileinstaller:1.3.0] AndroidManifest.xml:38:13-36
238            android:permission="android.permission.DUMP" >
238-->[androidx.profileinstaller:profileinstaller:1.3.0] AndroidManifest.xml:39:13-57
239            <intent-filter>
239-->[androidx.profileinstaller:profileinstaller:1.3.0] AndroidManifest.xml:40:13-42:29
240                <action android:name="androidx.profileinstaller.action.INSTALL_PROFILE" />
240-->[androidx.profileinstaller:profileinstaller:1.3.0] AndroidManifest.xml:41:17-91
240-->[androidx.profileinstaller:profileinstaller:1.3.0] AndroidManifest.xml:41:25-88
241            </intent-filter>
242            <intent-filter>
242-->[androidx.profileinstaller:profileinstaller:1.3.0] AndroidManifest.xml:43:13-45:29
243                <action android:name="androidx.profileinstaller.action.SKIP_FILE" />
243-->[androidx.profileinstaller:profileinstaller:1.3.0] AndroidManifest.xml:44:17-85
243-->[androidx.profileinstaller:profileinstaller:1.3.0] AndroidManifest.xml:44:25-82
244            </intent-filter>
245            <intent-filter>
245-->[androidx.profileinstaller:profileinstaller:1.3.0] AndroidManifest.xml:46:13-48:29
246                <action android:name="androidx.profileinstaller.action.SAVE_PROFILE" />
246-->[androidx.profileinstaller:profileinstaller:1.3.0] AndroidManifest.xml:47:17-88
246-->[androidx.profileinstaller:profileinstaller:1.3.0] AndroidManifest.xml:47:25-85
247            </intent-filter>
248            <intent-filter>
248-->[androidx.profileinstaller:profileinstaller:1.3.0] AndroidManifest.xml:49:13-51:29
249                <action android:name="androidx.profileinstaller.action.BENCHMARK_OPERATION" />
249-->[androidx.profileinstaller:profileinstaller:1.3.0] AndroidManifest.xml:50:17-95
249-->[androidx.profileinstaller:profileinstaller:1.3.0] AndroidManifest.xml:50:25-92
250            </intent-filter>
251        </receiver>
252    </application>
253
254</manifest>